[debug] > Exec(early(addDefaultCommands), None, None)
[debug] > Exec(addDefaultCommands, None, None)
[debug] > Exec(early(initialize), None, None)
[debug] > Exec(initialize, None, None)
[debug] > Exec(early(addPluginSbtFile="""C:\Users\gaura\AppData\Local\Temp\idea.sbt"""), None, None)
[debug] > Exec(addPluginSbtFile="""C:\Users\gaura\AppData\Local\Temp\idea.sbt""", None, None)
[debug] > Exec(boot, None, None)
[debug] > Exec(writeSbtVersion, None, None)
[debug] > Exec(reload, None, None)
[debug] > Exec(sbtStashOnFailure, None, None)
[debug] > Exec(onFailure loadFailed, None, None)
[debug] > Exec(loadp, None, None)
[info] welcome to sbt 1.10.2 (Oracle Corporation Java 22.0.2)
[debug] Load.defaultLoad until apply took 312.686ms
[debug]           Load.loadUnit: plugins took 206.0855ms
[debug]           Load.loadUnit: defsScala took 0.3452ms
[debug] [Loading] Scanning directory C:\Users\gaura\IdeaProjects\Fuzzion\project
[debug]             Load.loadUnit: mkEval took 8.6096ms
[debug] [Loading] Found non-root projects 
[debug] [Loading] Done in C:\Users\gaura\IdeaProjects\Fuzzion\project, returning: ()
[debug] deducing auto plugins based on known facts Set(Atom(sbt.plugins.CorePlugin)) and clauses Clauses(Clause(Atom(sbt.plugins.JvmPlugin),Set(Atom(sbt.plugins.IvyPlugin)))
[debug] Clause(Atom(sbt.ScriptedPlugin),Set(Atom(sbt.plugins.JvmPlugin)))
[debug] Clause(Atom(sbt.plugins.SbtPlugin),Set(Atom(sbt.ScriptedPlugin)))
[debug] Clause(Atom(sbt.plugins.SemanticdbPlugin),Set(Atom(sbt.plugins.JvmPlugin)))
[debug] Clause(Atom(sbt.plugins.JUnitXmlReportPlugin),Set(Atom(sbt.plugins.JvmPlugin)))
[debug] Clause(Atom(sbt.plugins.MiniDependencyTreePlugin),Set(Atom(sbt.plugins.JvmPlugin)))
[debug] Clause(Atom(sbt.plugins.CorePlugin),Set(Atom(sbt.plugins.IvyPlugin)))
[debug] Clause(Atom(sbt.plugins.IvyPlugin),Set(Atom(sbt.plugins.JvmPlugin)))
[debug] Clause(Atom(sbt.plugins.JvmPlugin),Set(Atom(sbt.plugins.SemanticdbPlugin)))
[debug] Clause(Atom(sbt.plugins.JvmPlugin),Set(Atom(sbt.plugins.JUnitXmlReportPlugin)))
[debug] Clause(Atom(sbt.plugins.CorePlugin),Set(Atom(sbt.plugins.Giter8TemplatePlugin)))
[debug] Clause(Atom(sbt.plugins.JvmPlugin),Set(Atom(sbt.plugins.MiniDependencyTreePlugin))))
[debug]   :: deduced result: Matched(sbt.plugins.CorePlugin,sbt.plugins.Giter8TemplatePlugin,sbt.plugins.IvyPlugin,sbt.plugins.JvmPlugin,sbt.plugins.MiniDependencyTreePlugin,sbt.plugins.JUnitXmlReportPlugin,sbt.plugins.SemanticdbPlugin)
[debug] Plugins.deducer#function took 21.6542 ms
[info] loading settings for project fuzzion-build from idea.sbt ...
[debug]               Load.resolveProject(fuzzion-build) took 73.6559ms
[debug]             Load.loadTransitive: finalizeProject(Project(id fuzzion-build, base: C:\Users\gaura\IdeaProjects\Fuzzion\project, plugins: List(<none>))) took 104.1225ms
[debug] [Loading] Done in C:\Users\gaura\IdeaProjects\Fuzzion\project, returning: (fuzzion-build)
[debug]           Load.loadUnit: loadedProjectsRaw took 8375.5123ms
[debug]           Load.loadUnit: cleanEvalClasses took 26.5001ms
[debug]         Load.loadUnit(file:/C:/Users/gaura/IdeaProjects/Fuzzion/project/, ...) took 8616.4398ms
[debug]       Load.apply: load took 8829.8219ms
[debug]       Load.apply: resolveProjects took 3.9424ms
[debug]       Load.apply: finalTransforms took 85.8695ms
[debug]       Load.apply: config.delegates took 9.9228ms
[debug]       Load.apply: Def.make(settings)... took 470.9181ms
[debug]       Load.apply: structureIndex took 141.7406ms
[debug]       Load.apply: mkStreams took 3.0096ms
[info] loading project definition from C:\Users\gaura\IdeaProjects\Fuzzion\project
[debug] Running task... Cancel: Signal, check cycles: false, forcegc: true
[debug]     Load.loadUnit: plugins took 13263.6483ms
[debug]     Load.loadUnit: defsScala took 0.0054ms
[debug] [Loading] Scanning directory C:\Users\gaura\IdeaProjects\Fuzzion
[debug]       Load.loadUnit: mkEval took 0.5429ms
[debug] [Loading] Found non-root projects 
[debug] [Loading] Done in C:\Users\gaura\IdeaProjects\Fuzzion, returning: ()
[debug] deducing auto plugins based on known facts Set(Atom(sbt.plugins.CorePlugin)) and clauses Clauses(Clause(Atom(sbt.plugins.JvmPlugin),Set(Atom(sbt.plugins.IvyPlugin)))
[debug] Clause(Atom(sbt.ScriptedPlugin),Set(Atom(sbt.plugins.JvmPlugin)))
[debug] Clause(Atom(sbt.plugins.SbtPlugin),Set(Atom(sbt.ScriptedPlugin)))
[debug] Clause(Atom(sbt.plugins.SemanticdbPlugin),Set(Atom(sbt.plugins.JvmPlugin)))
[debug] Clause(Atom(sbt.plugins.JUnitXmlReportPlugin),Set(Atom(sbt.plugins.JvmPlugin)))
[debug] Clause(Atom(sbt.plugins.MiniDependencyTreePlugin),Set(Atom(sbt.plugins.JvmPlugin)))
[debug] Clause(Atom(org.jetbrains.sbt.StructurePlugin),Set(Atom(sbt.plugins.JvmPlugin)))
[debug] Clause(Atom(org.jetbrains.sbt.IdeaShellPlugin),Set(Atom(sbt.plugins.JvmPlugin)))
[debug] Clause(Atom(sbt.plugins.CorePlugin),Set(Atom(sbt.plugins.IvyPlugin)))
[debug] Clause(Atom(sbt.plugins.IvyPlugin),Set(Atom(sbt.plugins.JvmPlugin)))
[debug] Clause(Atom(sbt.plugins.JvmPlugin),Set(Atom(sbt.plugins.SemanticdbPlugin)))
[debug] Clause(Atom(sbt.plugins.JvmPlugin),Set(Atom(sbt.plugins.JUnitXmlReportPlugin)))
[debug] Clause(Atom(sbt.plugins.CorePlugin),Set(Atom(sbt.plugins.Giter8TemplatePlugin)))
[debug] Clause(Atom(sbt.plugins.JvmPlugin),Set(Atom(sbt.plugins.MiniDependencyTreePlugin)))
[debug] Clause(Atom(sbt.plugins.JvmPlugin),Set(Atom(org.jetbrains.sbt.StructurePlugin)))
[debug] Clause(Atom(sbt.plugins.JvmPlugin),Set(Atom(org.jetbrains.sbt.IdeaShellPlugin))))
[debug]   :: deduced result: Matched(sbt.plugins.CorePlugin,sbt.plugins.Giter8TemplatePlugin,sbt.plugins.IvyPlugin,sbt.plugins.JvmPlugin,sbt.plugins.SemanticdbPlugin,sbt.plugins.JUnitXmlReportPlugin,org.jetbrains.sbt.IdeaShellPlugin,org.jetbrains.sbt.StructurePlugin,sbt.plugins.MiniDependencyTreePlugin)
[debug] Plugins.deducer#function took 4.6269 ms
[info] loading settings for project fuzzion from build.sbt ...
[debug]         Load.resolveProject(fuzzion) took 28.774ms
[debug]       Load.loadTransitive: finalizeProject(Project(id fuzzion, base: C:\Users\gaura\IdeaProjects\Fuzzion, plugins: List(<none>))) took 34.1903ms
[debug] [Loading] Done in C:\Users\gaura\IdeaProjects\Fuzzion, returning: (fuzzion)
[debug]     Load.loadUnit: loadedProjectsRaw took 2197.9603ms
[debug]     Load.loadUnit: cleanEvalClasses took 30.2203ms
[debug]   Load.loadUnit(file:/C:/Users/gaura/IdeaProjects/Fuzzion/, ...) took 15494.9121ms
[debug] Load.apply: load took 15557.6746ms
[debug] Load.apply: resolveProjects took 0.1839ms
[debug] Load.apply: finalTransforms took 37.1678ms
[debug] Load.apply: config.delegates took 0.6038ms
[debug] Load.apply: Def.make(settings)... took 112.7315ms
[debug] Load.apply: structureIndex took 31.9771ms
[debug] Load.apply: mkStreams took 0.0027ms
[info] set current project to Fuzzion (in build file:/C:/Users/gaura/IdeaProjects/Fuzzion/)
[debug] > Exec(sbtPopOnFailure, None, None)
[debug] > Exec(resumeFromFailure, None, None)
[debug] > Exec(notifyUsersAboutShell, None, None)
[debug] > Exec(iflast shell, None, None)
[debug] > Exec(idea-shell, None, None)
