[debug] > Exec(early(addDefaultCommands), None, None)
[debug] > Exec(addDefaultCommands, None, None)
[debug] > Exec(early(initialize), None, None)
[debug] > Exec(initialize, None, None)
[debug] > Exec(early(addPluginSbtFile="""C:\Users\gaura\AppData\Local\Temp\idea.sbt"""), None, None)
[debug] > Exec(addPluginSbtFile="""C:\Users\gaura\AppData\Local\Temp\idea.sbt""", None, None)
[debug] > Exec(boot, None, None)
[debug] > Exec(writeSbtVersion, None, None)
[debug] > Exec(reload, None, None)
[debug] > Exec(sbtStashOnFailure, None, None)
[debug] > Exec(onFailure loadFailed, None, None)
[debug] > Exec(loadp, None, None)
[info] welcome to sbt 1.10.2 (Oracle Corporation Java 22.0.2)
[debug] Load.defaultLoad until apply took 131.3909ms
[debug]           Load.loadUnit: plugins took 94.9182ms
[debug]           Load.loadUnit: defsScala took 0.4988ms
[debug] [Loading] Scanning directory C:\Users\gaura\OneDrive\Documents\UIC\CS476\Fuzzion-by-Gaurav\project
[debug]             Load.loadUnit: mkEval took 8.5632ms
[debug] [Loading] Found non-root projects 
[debug] [Loading] Done in C:\Users\gaura\OneDrive\Documents\UIC\CS476\Fuzzion-by-Gaurav\project, returning: ()
[debug] deducing auto plugins based on known facts Set(Atom(sbt.plugins.CorePlugin)) and clauses Clauses(Clause(Atom(sbt.plugins.JvmPlugin),Set(Atom(sbt.plugins.IvyPlugin)))
[debug] Clause(Atom(sbt.ScriptedPlugin),Set(Atom(sbt.plugins.JvmPlugin)))
[debug] Clause(Atom(sbt.plugins.SbtPlugin),Set(Atom(sbt.ScriptedPlugin)))
[debug] Clause(Atom(sbt.plugins.SemanticdbPlugin),Set(Atom(sbt.plugins.JvmPlugin)))
[debug] Clause(Atom(sbt.plugins.JUnitXmlReportPlugin),Set(Atom(sbt.plugins.JvmPlugin)))
[debug] Clause(Atom(sbt.plugins.MiniDependencyTreePlugin),Set(Atom(sbt.plugins.JvmPlugin)))
[debug] Clause(Atom(sbt.plugins.CorePlugin),Set(Atom(sbt.plugins.IvyPlugin)))
[debug] Clause(Atom(sbt.plugins.IvyPlugin),Set(Atom(sbt.plugins.JvmPlugin)))
[debug] Clause(Atom(sbt.plugins.JvmPlugin),Set(Atom(sbt.plugins.SemanticdbPlugin)))
[debug] Clause(Atom(sbt.plugins.JvmPlugin),Set(Atom(sbt.plugins.JUnitXmlReportPlugin)))
[debug] Clause(Atom(sbt.plugins.CorePlugin),Set(Atom(sbt.plugins.Giter8TemplatePlugin)))
[debug] Clause(Atom(sbt.plugins.JvmPlugin),Set(Atom(sbt.plugins.MiniDependencyTreePlugin))))
[debug]   :: deduced result: Matched(sbt.plugins.CorePlugin,sbt.plugins.Giter8TemplatePlugin,sbt.plugins.IvyPlugin,sbt.plugins.JvmPlugin,sbt.plugins.MiniDependencyTreePlugin,sbt.plugins.JUnitXmlReportPlugin,sbt.plugins.SemanticdbPlugin)
[debug] Plugins.deducer#function took 15.19 ms
[info] loading settings for project fuzzion-by-gaurav-build from idea.sbt ...
[debug]               Load.resolveProject(fuzzion-by-gaurav-build) took 33.651ms
[debug]             Load.loadTransitive: finalizeProject(Project(id fuzzion-by-gaurav-build, base: C:\Users\gaura\OneDrive\Documents\UIC\CS476\Fuzzion-by-Gaurav\project, plugins: List(<none>))) took 65.2651ms
[debug] [Loading] Done in C:\Users\gaura\OneDrive\Documents\UIC\CS476\Fuzzion-by-Gaurav\project, returning: (fuzzion-by-gaurav-build)
[debug]           Load.loadUnit: loadedProjectsRaw took 342.2871ms
[debug]           Load.loadUnit: cleanEvalClasses took 12.2423ms
[debug]         Load.loadUnit(file:/C:/Users/gaura/OneDrive/Documents/UIC/CS476/Fuzzion-by-Gaurav/project/, ...) took 458.7592ms
[debug]       Load.apply: load took 592.6923ms
[debug]       Load.apply: resolveProjects took 6.9545ms
[debug]       Load.apply: finalTransforms took 65.3787ms
[debug]       Load.apply: config.delegates took 14.8986ms
[debug]       Load.apply: Def.make(settings)... took 489.7012ms
[debug]       Load.apply: structureIndex took 100.9878ms
[debug]       Load.apply: mkStreams took 1.7984ms
[info] loading project definition from C:\Users\gaura\OneDrive\Documents\UIC\CS476\Fuzzion-by-Gaurav\project
[debug] Running task... Cancel: Signal, check cycles: false, forcegc: true
[debug]     Load.loadUnit: plugins took 2987.9767ms
[debug]     Load.loadUnit: defsScala took 0.0024ms
[debug] [Loading] Scanning directory C:\Users\gaura\OneDrive\Documents\UIC\CS476\Fuzzion-by-Gaurav
[debug]       Load.loadUnit: mkEval took 0.2631ms
[debug] [Loading] Found non-root projects 
[debug] [Loading] Done in C:\Users\gaura\OneDrive\Documents\UIC\CS476\Fuzzion-by-Gaurav, returning: ()
[debug] deducing auto plugins based on known facts Set(Atom(sbt.plugins.CorePlugin)) and clauses Clauses(Clause(Atom(sbt.plugins.JvmPlugin),Set(Atom(sbt.plugins.IvyPlugin)))
[debug] Clause(Atom(sbt.ScriptedPlugin),Set(Atom(sbt.plugins.JvmPlugin)))
[debug] Clause(Atom(sbt.plugins.SbtPlugin),Set(Atom(sbt.ScriptedPlugin)))
[debug] Clause(Atom(sbt.plugins.SemanticdbPlugin),Set(Atom(sbt.plugins.JvmPlugin)))
[debug] Clause(Atom(sbt.plugins.JUnitXmlReportPlugin),Set(Atom(sbt.plugins.JvmPlugin)))
[debug] Clause(Atom(sbt.plugins.MiniDependencyTreePlugin),Set(Atom(sbt.plugins.JvmPlugin)))
[debug] Clause(Atom(org.jetbrains.sbt.StructurePlugin),Set(Atom(sbt.plugins.JvmPlugin)))
[debug] Clause(Atom(org.jetbrains.sbt.IdeaShellPlugin),Set(Atom(sbt.plugins.JvmPlugin)))
[debug] Clause(Atom(sbt.plugins.CorePlugin),Set(Atom(sbt.plugins.IvyPlugin)))
[debug] Clause(Atom(sbt.plugins.IvyPlugin),Set(Atom(sbt.plugins.JvmPlugin)))
[debug] Clause(Atom(sbt.plugins.JvmPlugin),Set(Atom(sbt.plugins.SemanticdbPlugin)))
[debug] Clause(Atom(sbt.plugins.JvmPlugin),Set(Atom(sbt.plugins.JUnitXmlReportPlugin)))
[debug] Clause(Atom(sbt.plugins.CorePlugin),Set(Atom(sbt.plugins.Giter8TemplatePlugin)))
[debug] Clause(Atom(sbt.plugins.JvmPlugin),Set(Atom(sbt.plugins.MiniDependencyTreePlugin)))
[debug] Clause(Atom(sbt.plugins.JvmPlugin),Set(Atom(org.jetbrains.sbt.StructurePlugin)))
[debug] Clause(Atom(sbt.plugins.JvmPlugin),Set(Atom(org.jetbrains.sbt.IdeaShellPlugin))))
[debug]   :: deduced result: Matched(sbt.plugins.CorePlugin,sbt.plugins.Giter8TemplatePlugin,sbt.plugins.IvyPlugin,sbt.plugins.JvmPlugin,sbt.plugins.SemanticdbPlugin,sbt.plugins.JUnitXmlReportPlugin,org.jetbrains.sbt.IdeaShellPlugin,org.jetbrains.sbt.StructurePlugin,sbt.plugins.MiniDependencyTreePlugin)
[debug] Plugins.deducer#function took 2.2075 ms
[info] loading settings for project fuzzion-by-gaurav from build.sbt ...
[debug]         Load.resolveProject(fuzzion-by-gaurav) took 38.3828ms
[debug]       Load.loadTransitive: finalizeProject(Project(id fuzzion-by-gaurav, base: C:\Users\gaura\OneDrive\Documents\UIC\CS476\Fuzzion-by-Gaurav, plugins: List(<none>))) took 41.2212ms
[debug] [Loading] Done in C:\Users\gaura\OneDrive\Documents\UIC\CS476\Fuzzion-by-Gaurav, returning: (fuzzion-by-gaurav)
[debug]     Load.loadUnit: loadedProjectsRaw took 3000.1031ms
[debug]     Load.loadUnit: cleanEvalClasses took 40.7438ms
[debug]   Load.loadUnit(file:/C:/Users/gaura/OneDrive/Documents/UIC/CS476/Fuzzion-by-Gaurav/, ...) took 6030.2434ms
[debug] Load.apply: load took 6050.1617ms
[debug] Load.apply: resolveProjects took 0.2048ms
[debug] Load.apply: finalTransforms took 28.0606ms
[debug] Load.apply: config.delegates took 0.3602ms
[debug] Load.apply: Def.make(settings)... took 82.8562ms
[debug] Load.apply: structureIndex took 20.8513ms
[debug] Load.apply: mkStreams took 0.0025ms
[info] set current project to Fuzzion (in build file:/C:/Users/gaura/OneDrive/Documents/UIC/CS476/Fuzzion-by-Gaurav/)
[debug] > Exec(sbtPopOnFailure, None, None)
[debug] > Exec(resumeFromFailure, None, None)
[debug] > Exec(notifyUsersAboutShell, None, None)
[debug] > Exec(iflast shell, None, None)
[debug] > Exec(idea-shell, None, None)
