[debug] > Exec(early(addDefaultCommands), None, None)
[debug] > Exec(addDefaultCommands, None, None)
[debug] > Exec(early(initialize), None, None)
[debug] > Exec(initialize, None, None)
[debug] > Exec(early(addPluginSbtFile="""C:\Users\gaura\AppData\Local\Temp\idea.sbt"""), None, None)
[debug] > Exec(addPluginSbtFile="""C:\Users\gaura\AppData\Local\Temp\idea.sbt""", None, None)
[debug] > Exec(boot, None, None)
[debug] > Exec(writeSbtVersion, None, None)
[debug] > Exec(reload, None, None)
[debug] > Exec(sbtStashOnFailure, None, None)
[debug] > Exec(onFailure loadFailed, None, None)
[debug] > Exec(loadp, None, None)
[info] welcome to sbt 1.10.2 (Oracle Corporation Java 22.0.2)
[debug] Load.defaultLoad until apply took 194.9132ms
[debug]           Load.loadUnit: plugins took 158.2673ms
[debug]           Load.loadUnit: defsScala took 0.4834ms
[debug] [Loading] Scanning directory C:\Users\gaura\OneDrive\Documents\UIC\CS476\Fuzzion-by-Gaurav\project
[debug]             Load.loadUnit: mkEval took 6.9266ms
[debug] [Loading] Found non-root projects 
[debug] [Loading] Done in C:\Users\gaura\OneDrive\Documents\UIC\CS476\Fuzzion-by-Gaurav\project, returning: ()
[debug] deducing auto plugins based on known facts Set(Atom(sbt.plugins.CorePlugin)) and clauses Clauses(Clause(Atom(sbt.plugins.JvmPlugin),Set(Atom(sbt.plugins.IvyPlugin)))
[debug] Clause(Atom(sbt.ScriptedPlugin),Set(Atom(sbt.plugins.JvmPlugin)))
[debug] Clause(Atom(sbt.plugins.SbtPlugin),Set(Atom(sbt.ScriptedPlugin)))
[debug] Clause(Atom(sbt.plugins.SemanticdbPlugin),Set(Atom(sbt.plugins.JvmPlugin)))
[debug] Clause(Atom(sbt.plugins.JUnitXmlReportPlugin),Set(Atom(sbt.plugins.JvmPlugin)))
[debug] Clause(Atom(sbt.plugins.MiniDependencyTreePlugin),Set(Atom(sbt.plugins.JvmPlugin)))
[debug] Clause(Atom(sbt.plugins.CorePlugin),Set(Atom(sbt.plugins.IvyPlugin)))
[debug] Clause(Atom(sbt.plugins.IvyPlugin),Set(Atom(sbt.plugins.JvmPlugin)))
[debug] Clause(Atom(sbt.plugins.JvmPlugin),Set(Atom(sbt.plugins.SemanticdbPlugin)))
[debug] Clause(Atom(sbt.plugins.JvmPlugin),Set(Atom(sbt.plugins.JUnitXmlReportPlugin)))
[debug] Clause(Atom(sbt.plugins.CorePlugin),Set(Atom(sbt.plugins.Giter8TemplatePlugin)))
[debug] Clause(Atom(sbt.plugins.JvmPlugin),Set(Atom(sbt.plugins.MiniDependencyTreePlugin))))
[debug]   :: deduced result: Matched(sbt.plugins.CorePlugin,sbt.plugins.Giter8TemplatePlugin,sbt.plugins.IvyPlugin,sbt.plugins.JvmPlugin,sbt.plugins.MiniDependencyTreePlugin,sbt.plugins.JUnitXmlReportPlugin,sbt.plugins.SemanticdbPlugin)
[debug] Plugins.deducer#function took 17.0151 ms
[info] loading settings for project fuzzion-by-gaurav-build from idea.sbt ...
[debug]               Load.resolveProject(fuzzion-by-gaurav-build) took 45.0891ms
[debug]             Load.loadTransitive: finalizeProject(Project(id fuzzion-by-gaurav-build, base: C:\Users\gaura\OneDrive\Documents\UIC\CS476\Fuzzion-by-Gaurav\project, plugins: List(<none>))) took 76.976ms
[debug] [Loading] Done in C:\Users\gaura\OneDrive\Documents\UIC\CS476\Fuzzion-by-Gaurav\project, returning: (fuzzion-by-gaurav-build)
[debug]           Load.loadUnit: loadedProjectsRaw took 4859.6171ms
[debug]           Load.loadUnit: cleanEvalClasses took 65.5196ms
[debug]         Load.loadUnit(file:/C:/Users/gaura/OneDrive/Documents/UIC/CS476/Fuzzion-by-Gaurav/project/, ...) took 5092.8244ms
[debug]       Load.apply: load took 5273.27ms
[debug]       Load.apply: resolveProjects took 5.593ms
[debug]       Load.apply: finalTransforms took 78.3471ms
[debug]       Load.apply: config.delegates took 8.0167ms
[debug]       Load.apply: Def.make(settings)... took 603.5983ms
[debug]       Load.apply: structureIndex took 219.2521ms
[debug]       Load.apply: mkStreams took 7.0911ms
[info] loading project definition from C:\Users\gaura\OneDrive\Documents\UIC\CS476\Fuzzion-by-Gaurav\project
[debug] Running task... Cancel: Signal, check cycles: false, forcegc: true
[debug]     Load.loadUnit: plugins took 8700.2048ms
[debug]     Load.loadUnit: defsScala took 0.0027ms
[debug] [Loading] Scanning directory C:\Users\gaura\OneDrive\Documents\UIC\CS476\Fuzzion-by-Gaurav
[debug]       Load.loadUnit: mkEval took 0.3033ms
[debug] [Loading] Found non-root projects 
[debug] [Loading] Done in C:\Users\gaura\OneDrive\Documents\UIC\CS476\Fuzzion-by-Gaurav, returning: ()
[debug] deducing auto plugins based on known facts Set(Atom(sbt.plugins.CorePlugin)) and clauses Clauses(Clause(Atom(sbt.plugins.JvmPlugin),Set(Atom(sbt.plugins.IvyPlugin)))
[debug] Clause(Atom(sbt.ScriptedPlugin),Set(Atom(sbt.plugins.JvmPlugin)))
[debug] Clause(Atom(sbt.plugins.SbtPlugin),Set(Atom(sbt.ScriptedPlugin)))
[debug] Clause(Atom(sbt.plugins.SemanticdbPlugin),Set(Atom(sbt.plugins.JvmPlugin)))
[debug] Clause(Atom(sbt.plugins.JUnitXmlReportPlugin),Set(Atom(sbt.plugins.JvmPlugin)))
[debug] Clause(Atom(sbt.plugins.MiniDependencyTreePlugin),Set(Atom(sbt.plugins.JvmPlugin)))
[debug] Clause(Atom(org.jetbrains.sbt.StructurePlugin),Set(Atom(sbt.plugins.JvmPlugin)))
[debug] Clause(Atom(org.jetbrains.sbt.IdeaShellPlugin),Set(Atom(sbt.plugins.JvmPlugin)))
[debug] Clause(Atom(sbt.plugins.CorePlugin),Set(Atom(sbt.plugins.IvyPlugin)))
[debug] Clause(Atom(sbt.plugins.IvyPlugin),Set(Atom(sbt.plugins.JvmPlugin)))
[debug] Clause(Atom(sbt.plugins.JvmPlugin),Set(Atom(sbt.plugins.SemanticdbPlugin)))
[debug] Clause(Atom(sbt.plugins.JvmPlugin),Set(Atom(sbt.plugins.JUnitXmlReportPlugin)))
[debug] Clause(Atom(sbt.plugins.CorePlugin),Set(Atom(sbt.plugins.Giter8TemplatePlugin)))
[debug] Clause(Atom(sbt.plugins.JvmPlugin),Set(Atom(sbt.plugins.MiniDependencyTreePlugin)))
[debug] Clause(Atom(sbt.plugins.JvmPlugin),Set(Atom(org.jetbrains.sbt.StructurePlugin)))
[debug] Clause(Atom(sbt.plugins.JvmPlugin),Set(Atom(org.jetbrains.sbt.IdeaShellPlugin))))
[debug]   :: deduced result: Matched(sbt.plugins.CorePlugin,sbt.plugins.Giter8TemplatePlugin,sbt.plugins.IvyPlugin,sbt.plugins.JvmPlugin,sbt.plugins.SemanticdbPlugin,sbt.plugins.JUnitXmlReportPlugin,org.jetbrains.sbt.IdeaShellPlugin,org.jetbrains.sbt.StructurePlugin,sbt.plugins.MiniDependencyTreePlugin)
[debug] Plugins.deducer#function took 2.001 ms
[info] loading settings for project fuzzion-by-gaurav from build.sbt ...
[debug]         Load.resolveProject(fuzzion-by-gaurav) took 19.3575ms
[debug]       Load.loadTransitive: finalizeProject(Project(id fuzzion-by-gaurav, base: C:\Users\gaura\OneDrive\Documents\UIC\CS476\Fuzzion-by-Gaurav, plugins: List(<none>))) took 21.8679ms
[debug] [Loading] Done in C:\Users\gaura\OneDrive\Documents\UIC\CS476\Fuzzion-by-Gaurav, returning: (fuzzion-by-gaurav)
[debug]     Load.loadUnit: loadedProjectsRaw took 1155.4874ms
[debug]     Load.loadUnit: cleanEvalClasses took 22.4716ms
[debug]   Load.loadUnit(file:/C:/Users/gaura/OneDrive/Documents/UIC/CS476/Fuzzion-by-Gaurav/, ...) took 9880.7473ms
[debug] Load.apply: load took 9907.1574ms
[debug] Load.apply: resolveProjects took 0.1014ms
[debug] Load.apply: finalTransforms took 26.1276ms
[debug] Load.apply: config.delegates took 0.3741ms
[debug] Load.apply: Def.make(settings)... took 68.1869ms
[debug] Load.apply: structureIndex took 21.2819ms
[debug] Load.apply: mkStreams took 0.0019ms
[info] set current project to Fuzzion (in build file:/C:/Users/gaura/OneDrive/Documents/UIC/CS476/Fuzzion-by-Gaurav/)
[debug] > Exec(sbtPopOnFailure, None, None)
[debug] > Exec(resumeFromFailure, None, None)
[debug] > Exec(notifyUsersAboutShell, None, None)
[debug] > Exec(iflast shell, None, None)
[debug] > Exec(idea-shell, None, None)
